0.154000
0.104000
0.130000
0.118000
0.130000
0.100000
0.140000
0.128000
0.102000
0.138000
0.100000
0.154000
0.204000
0.112000
0.120000
0.126000
0.152000
0.134000
0.118000
0.148000
0.140000
0.148000
0.124000
0.162000
0.100000
0.102000
0.100000
0.142000
0.118000
0.184000
0.102000
0.210000
0.136000
0.134000
0.144000
0.122000
0.174000
0.104000
0.176000
0.170000
0.176000
0.100000
0.120000
0.106000
0.110000
0.142000
0.112000
0.162000
0.170000
0.106000
0.136000
0.140000
0.170000
0.114000
0.118000
0.192000
0.138000
0.128000
0.110000
0.118000
0.122000
0.150000
0.138000
0.100000
0.100000
0.170000
0.126000
0.168000
0.118000
0.108000
0.118000
0.134000
0.106000
0.150000
0.140000
0.124000
0.136000
0.146000
0.122000
0.162000
0.100000
0.112000
0.140000
0.136000
0.110000
0.158000
0.132000
0.118000
0.108000
0.140000
0.100000
0.140000
0.100000
0.136000
0.162000
0.110000
0.144000
0.226000
0.114000
0.122000
0.104000
0.114000
0.148000
0.104000
0.172000
0.126000
0.156000
0.114000
0.152000
0.158000
0.168000
0.130000
0.114000
0.158000
0.132000
0.118000
0.162000
0.148000
0.114000
0.152000
0.140000
0.150000
0.124000
0.116000
0.136000
0.186000
0.180000
0.160000
0.134000
0.142000
0.124000
0.148000
0.116000
0.134000
0.138000
0.140000
0.148000
0.146000
0.128000
0.124000
0.148000
0.170000
0.106000
0.148000
0.108000
0.172000
0.114000
0.122000
0.112000
0.110000
0.134000
0.134000
0.184000
0.104000
0.120000
0.102000
0.116000
0.156000
0.110000
0.102000
0.140000
0.138000
0.106000
0.108000
0.116000
0.148000
0.114000
0.132000
0.148000
0.156000
0.188000
0.114000
0.122000
0.136000
0.160000
0.110000
0.188000
0.102000
0.128000
0.116000
0.116000
0.180000
0.108000
0.122000
0.114000
0.126000
0.116000
0.122000
0.162000
0.124000
0.122000
0.144000
0.130000
0.140000
0.120000
0.194000
0.124000
0.102000
0.118000
0.122000
0.172000
0.136000
0.144000
0.108000
0.182000
0.182000
0.170000
0.126000
0.142000
0.162000
0.136000
0.118000
0.124000
0.128000
0.196000
0.176000
0.198000
0.144000
0.100000
0.112000
0.126000
0.152000
0.104000
0.158000
0.124000
0.104000
0.148000
0.126000
0.160000
0.114000
0.124000
0.138000
0.134000
0.130000
0.144000
0.130000
0.126000
0.100000
0.174000
0.124000
0.146000
0.128000
0.116000
0.110000
0.142000
0.104000
0.150000
0.120000
0.124000
0.124000
0.164000
0.128000
0.122000
0.200000
0.100000
0.118000
0.114000
0.110000
0.100000
0.154000
0.102000
0.150000
0.100000
0.148000
0.124000
0.102000
0.128000
0.146000
0.102000
0.136000
0.150000
0.132000
0.112000
0.136000
0.132000
0.120000
0.148000
0.156000
0.124000
0.166000
0.142000
0.164000
0.156000
0.142000
0.158000
0.100000
0.122000
0.116000
0.188000
0.116000
0.146000
0.152000
0.166000
0.108000
0.100000
0.100000
0.112000
0.168000
0.122000
0.118000
0.138000
0.198000
0.108000
0.134000
0.234000
0.126000
0.114000
0.134000
0.164000
0.124000
0.100000
0.106000
0.144000
0.124000
0.152000
0.104000
0.130000
0.204000
0.120000
0.122000
0.120000
0.174000
0.172000
0.142000
0.114000
0.100000
0.110000
0.180000
0.188000
0.146000
0.102000
0.148000
0.118000
0.120000
0.100000
0.136000
0.166000
0.122000
0.128000
0.110000
0.118000
0.116000
0.136000
0.150000
0.106000
0.114000
0.100000
0.100000
0.118000
0.166000
0.146000
0.162000
0.168000
0.152000
0.116000
0.122000
0.112000
0.128000
0.136000
0.148000
0.248000
0.170000
0.174000
0.148000
0.124000
0.156000
0.110000
0.150000
0.158000
0.108000
0.156000
0.110000
0.134000
0.100000
0.122000
0.138000
0.102000
0.112000
0.124000
0.108000
0.138000
0.112000
0.164000
0.178000
0.166000
0.104000
0.142000
0.188000
0.138000
0.188000
0.146000
0.140000
0.112000
0.168000
0.154000
0.100000
0.130000
0.114000
0.108000
0.108000
0.138000
0.106000
0.142000
0.154000
0.132000
0.120000
0.110000
0.100000
0.150000
0.102000
0.144000
0.100000
0.132000
0.138000
0.156000
0.104000
0.102000
0.112000
0.160000
0.114000
0.104000
0.126000
0.120000
0.100000
0.126000
0.106000
0.132000
0.100000
0.160000
0.100000
0.144000
0.166000
0.150000
0.140000
0.132000
0.104000
0.100000
0.106000
0.126000
0.136000
0.106000
0.110000
0.102000
0.148000
0.140000
0.100000
0.160000
0.106000
0.146000
0.142000
0.150000
0.148000
0.128000
0.100000
0.102000
0.146000
0.168000
0.160000
0.128000
0.100000
0.116000
0.112000
0.140000
0.136000
0.172000
0.140000
0.128000
0.106000
0.160000
0.122000
0.118000
0.138000
0.130000
0.116000
0.146000
0.114000
0.118000
0.128000
0.120000
0.140000
0.126000
0.120000
0.166000
0.126000
0.112000
0.134000
0.152000
0.194000
0.164000
0.148000
0.100000
0.108000
0.154000
0.120000
0.100000
0.144000
0.138000
0.124000
0.100000
0.160000
0.144000
0.104000
0.134000
0.110000
0.138000
0.150000
0.108000
0.162000
0.182000
0.102000
0.146000
0.126000
0.116000
0.122000
0.148000
0.120000
0.160000
0.126000
0.172000
0.102000
0.140000
0.110000
0.160000
0.154000
0.100000
0.112000
0.164000
0.108000
0.108000
0.140000
0.112000
0.202000
0.100000
0.202000
0.104000
0.118000
0.142000
0.110000
0.120000
0.110000
0.118000
0.116000
0.114000
0.160000
0.152000
0.162000
0.116000
0.140000
0.114000
0.150000
0.114000
0.190000
0.136000
0.232000
0.104000
0.124000
0.102000
0.144000
0.144000
0.118000
0.114000
0.144000
0.100000
0.110000
0.110000
0.106000
0.106000
0.110000
0.128000
0.106000
0.106000
0.138000
0.166000
0.110000
0.122000
0.112000
0.104000
0.144000
0.188000
0.118000
0.110000
0.112000
0.118000
0.100000
0.142000
0.138000
0.100000
0.110000
0.100000
0.120000
0.138000
0.100000
0.162000
0.104000
0.116000
0.134000
0.116000
0.160000
0.112000
0.100000
0.102000
0.130000
0.132000
0.124000
0.160000
0.128000
0.148000
0.122000
0.116000
0.102000
0.112000
0.194000
0.212000
0.232000
0.154000
0.152000
0.154000
0.116000
0.120000
0.110000
0.296000
0.150000
0.142000
0.116000
0.162000
0.130000
0.152000
0.168000
0.140000
0.174000
0.190000
0.180000
0.152000
0.142000
0.120000
0.170000
0.138000
0.100000
0.168000
0.136000
0.150000
0.118000
0.136000
0.164000
0.144000
0.110000
0.194000
0.136000
0.132000
0.138000
0.174000
0.152000
0.174000
0.108000
0.152000
0.148000
0.170000
0.164000
0.106000
0.132000
0.112000
0.116000
0.160000
0.118000
0.100000
0.128000
0.138000
0.102000
0.194000
0.144000
0.134000
0.116000
0.140000
0.150000
0.124000
0.122000
0.154000
0.122000
0.124000
0.136000
0.200000
0.122000
0.116000
0.102000
0.180000
0.120000
0.104000
0.116000
0.160000
0.120000
0.188000
0.156000
0.134000
0.124000
0.122000
0.176000
0.138000
0.144000
0.168000
0.138000
0.126000
0.100000
0.142000
0.124000
0.132000
0.156000
0.100000
0.130000
0.108000
0.148000
0.132000
0.118000
0.152000
0.120000
0.118000
0.144000
0.118000
0.126000
0.142000
0.104000
0.100000
0.102000
0.130000
0.148000
0.130000
0.104000
0.160000
0.108000
0.128000
0.128000
0.136000
0.110000
0.100000
0.112000
0.150000
0.102000
0.158000
0.136000
0.118000
0.104000
0.100000
0.164000
0.110000
0.100000
0.156000
0.104000
0.140000
0.154000
0.108000
0.178000
0.170000
0.112000
0.150000
0.136000
0.160000
0.100000
0.116000
0.158000
0.172000
0.120000
0.168000
0.102000
0.172000
0.102000
0.140000
0.128000
0.158000
0.142000
0.100000
0.156000
0.108000
0.144000
0.100000
0.106000
0.110000
0.108000
0.104000
0.108000
0.178000
0.106000
0.182000
0.166000
0.100000
0.168000
0.140000
0.140000
0.132000
0.168000
0.186000
0.100000
0.150000
0.196000
0.128000
0.124000
0.138000
0.162000
0.102000
0.198000
0.134000
0.108000
0.110000
0.132000
0.134000
0.104000
0.146000
0.120000
0.130000
0.110000
0.150000
0.162000
0.108000
0.112000
0.142000
0.144000
0.204000
0.112000
0.114000
0.102000
0.190000
0.136000
0.114000
0.100000
0.144000
0.108000
0.142000
0.112000
0.166000
0.112000
0.100000
0.140000
0.146000
0.166000
0.112000
0.140000
0.160000
0.134000
0.102000
0.128000
0.118000
0.126000
0.118000
0.100000
0.100000
0.136000
0.152000
0.106000
0.100000
0.132000
0.156000
0.152000
0.110000
0.104000
0.118000
0.100000
0.114000
0.180000
0.144000
0.130000
0.106000
0.102000
0.122000
0.152000
0.100000
0.150000
0.138000
0.134000
0.136000
0.164000
0.122000
0.106000
0.160000
0.114000
0.210000
0.216000
0.106000
0.122000
0.116000
0.134000
0.162000
0.136000
0.108000
0.158000
0.138000
0.116000
0.144000
0.108000
0.102000
0.114000
0.114000
0.134000
0.172000
0.152000
0.132000
0.104000
0.172000
0.150000
0.126000
0.148000
0.114000
0.138000
0.108000
0.178000
0.112000
0.108000
0.200000
0.106000
0.112000
0.110000
0.148000
0.164000
0.150000
0.130000
0.138000
0.118000
0.138000
0.154000
0.104000
0.118000
0.102000
0.112000
0.120000
0.124000
0.180000
0.106000
0.142000
0.100000
0.154000
0.112000
0.126000
0.106000
0.130000
0.120000
0.112000
0.112000
0.138000
0.176000
0.222000
0.198000
0.202000
0.126000
0.102000
0.216000
0.110000
0.136000
0.142000
0.146000
0.140000
0.122000
0.108000
0.168000
0.108000
0.100000
0.120000
0.148000
0.128000
0.190000
0.156000
0.100000
0.142000
0.132000
0.212000
0.148000
0.132000
0.118000
0.142000
0.126000
0.170000
0.132000
0.132000
0.116000
0.112000
0.116000
0.100000
0.162000
0.190000
0.128000
0.170000
0.100000
0.136000
0.122000
0.210000
0.164000
0.126000
0.110000
0.102000
0.188000
0.164000
0.166000
0.112000
0.142000
0.118000
0.144000
0.180000
0.100000
0.220000
0.134000
0.144000
0.160000
0.104000
0.130000
0.148000
0.100000
0.136000
0.114000
0.136000
0.100000
0.126000
0.146000
0.164000
0.124000
0.152000
0.104000
0.140000
0.134000
0.100000
0.140000
0.138000
0.144000
0.208000
0.126000
0.132000
0.144000
0.100000
0.154000
0.128000
0.110000
0.188000
0.144000
0.142000
0.104000
0.100000
0.124000
0.154000
0.122000
0.152000
0.142000
0.112000
0.170000
0.142000
0.112000
0.126000
0.142000
0.160000
0.116000
0.120000
0.100000
0.126000
0.128000
0.110000
0.128000
0.100000
0.130000
0.116000
0.116000
0.132000
0.144000
0.122000
0.144000
0.102000
0.132000
0.192000
0.148000
0.154000
0.116000
0.116000
0.182000
0.106000
0.144000
0.100000
0.170000
0.100000
0.132000
0.122000
0.118000
0.104000
0.118000
0.118000
0.148000
0.136000
0.100000
0.130000
0.132000
0.138000
0.156000
0.100000
0.154000
0.108000
0.108000
0.112000
0.122000
0.148000
0.136000
0.170000
0.130000
0.182000
0.152000
0.142000
0.206000
0.160000
0.102000
0.132000
0.166000
0.128000
0.118000
0.116000
0.130000
0.110000
0.112000
0.150000
0.122000
0.154000
0.128000
0.166000
0.158000
0.128000
0.108000
0.140000
0.142000
0.122000
0.118000
0.124000
0.120000
0.100000
0.122000
0.198000
0.190000
0.112000
0.106000
0.106000
0.146000
0.100000
0.104000
0.100000
0.128000
0.180000
0.138000
0.100000
0.142000
0.148000
0.138000
0.110000
0.116000
0.118000
0.108000
0.156000
0.158000
0.136000
0.156000
0.112000
0.124000
0.114000
0.132000
0.116000
0.188000
0.146000
0.108000
0.122000
0.106000
0.166000
0.136000
0.102000
0.132000
0.130000
0.132000
0.182000
0.150000
0.154000
0.134000
0.164000
0.168000
0.198000
0.168000
0.134000
0.160000
0.122000
0.114000
0.182000
0.126000
0.144000
0.144000
0.138000
0.168000
0.160000
0.140000
0.100000
0.126000
0.140000
0.138000
0.100000
0.100000
0.100000
0.112000
0.118000
0.114000
0.102000
0.142000
0.124000
0.148000
0.150000
0.182000
0.134000
0.108000
0.184000
0.146000
0.162000
0.120000
0.136000
0.100000
0.128000
0.140000
0.176000
0.104000
0.100000
0.108000
0.186000
0.108000
0.126000
0.104000
0.176000
0.130000
0.140000
0.172000
0.110000
0.112000
0.138000
0.158000
0.188000
0.132000
0.154000
0.156000
0.180000
0.104000
0.122000
0.144000
0.136000
0.158000
0.140000
0.112000
0.184000
0.156000
0.116000
0.164000
0.100000
0.138000
0.152000
0.224000
0.144000
0.232000
0.124000
0.164000
0.110000
0.144000
0.110000
0.160000
0.116000
0.120000
0.136000
0.142000
0.134000
0.144000
0.100000
0.142000
0.134000
0.104000
0.166000
0.162000
0.180000
0.138000
0.178000
0.116000
0.112000
0.142000
0.114000
0.124000
0.120000
0.124000
0.132000
0.156000
0.144000
0.130000
0.100000
0.182000
0.140000
0.122000
0.112000
0.112000
0.140000
0.144000
0.118000
0.110000
0.104000
0.132000
0.186000
0.202000
0.122000
0.122000
0.124000
0.134000
0.134000
0.154000
0.172000
0.146000
0.130000
0.138000
0.156000
0.156000
0.100000
0.114000
0.120000
0.176000
0.128000
0.164000
0.114000
0.100000
0.116000
0.148000
0.114000
0.148000
0.100000
0.100000
0.144000
0.164000
0.106000
0.100000
0.132000
0.140000
0.100000
0.164000
0.140000
0.158000
0.146000
0.148000
0.104000
0.148000
0.160000
0.154000
0.108000
0.154000
0.172000
0.170000
0.110000
0.124000
0.120000
0.128000
0.138000
0.114000
0.128000
0.104000
0.100000
0.140000
0.116000
0.152000
0.100000
0.124000
0.110000
0.134000
0.172000
0.134000
0.116000
0.220000
0.116000
0.162000
0.102000
0.126000
0.132000
0.132000
0.132000
0.138000
0.108000
0.204000
0.122000
0.142000
0.188000
0.106000
0.108000
0.112000
0.120000
0.126000
0.176000
0.102000
0.130000
0.100000
0.168000
0.118000
0.170000
0.150000
0.150000
0.120000
0.100000
0.100000
0.138000
0.112000
0.100000
0.160000
0.110000
0.132000
0.104000
0.100000
0.104000
0.102000
0.108000
0.100000
0.190000
0.170000
0.128000
0.192000
0.152000
0.118000
0.188000
0.122000
0.108000
0.190000
0.140000
0.116000
0.126000
0.138000
0.142000
0.204000
0.114000
0.134000
0.104000
0.124000
0.112000
0.146000
0.150000
0.130000
0.124000
0.178000
0.118000
0.118000
0.136000
0.146000
0.148000
0.182000
0.140000
0.140000
0.118000
0.120000
0.160000
0.100000
0.176000
0.164000
0.134000
0.164000
0.114000
0.106000
0.110000
0.138000
0.144000
0.114000
0.160000
0.122000
0.172000
0.100000
0.106000
0.128000
0.146000
0.120000
0.128000
0.110000
0.108000
0.186000
0.120000
0.142000
0.108000
0.116000
0.104000
0.126000
0.108000
0.156000
0.114000
0.114000
0.148000
0.118000
0.134000
0.122000
0.134000
0.114000
0.154000
0.154000
0.122000
0.110000
0.138000
0.122000
0.154000
0.154000
0.150000
0.130000
0.100000
0.110000
0.152000
0.124000
0.134000
0.176000
0.150000
0.108000
0.158000
0.156000
0.118000
0.108000
0.118000
0.132000
0.166000
0.154000
0.126000
0.178000
0.140000
0.136000
0.136000
0.126000
0.114000
0.118000
0.108000
0.164000
0.110000
0.100000
0.102000
0.114000
0.116000
0.120000
0.118000
0.154000
0.100000
0.136000
0.120000
0.228000
0.154000
0.110000
0.140000
0.172000
0.140000
0.128000
0.150000
0.146000
0.158000
0.146000
0.122000
0.182000
0.138000
0.244000
0.178000
0.100000
0.138000
0.136000
0.120000
0.100000
0.156000
0.184000
0.160000
0.110000
0.160000
0.146000
0.114000
0.108000
0.130000
0.100000
0.116000
0.140000
0.168000
0.182000
0.170000
0.164000
0.170000
0.124000
0.108000
0.144000
0.112000
0.106000
0.118000
0.170000
0.176000
0.116000
0.166000
0.128000
0.104000
0.152000
0.132000
0.126000
0.170000
0.162000
0.144000
0.102000
0.158000
0.152000
0.102000
0.102000
0.180000
0.142000
0.182000
0.114000
0.178000
0.110000
0.154000
0.122000
0.128000
0.150000
0.142000
0.158000
0.110000
0.124000
0.102000
0.102000
0.172000
0.126000
0.152000
0.108000
0.100000
0.124000
0.224000
0.142000
0.110000
0.100000
0.144000
0.110000
0.136000
0.114000
0.150000
0.158000
0.164000
0.110000
0.146000
0.132000
0.114000
0.168000
0.100000
0.160000
0.138000
0.128000
0.204000
0.144000
0.146000
0.114000
0.140000
0.182000
0.190000
0.126000
0.142000
0.184000
0.100000
0.162000
0.108000
0.116000
0.116000
0.158000
0.112000
0.126000
0.102000
0.114000
0.134000
0.136000
0.136000
0.196000
0.140000
0.156000
0.132000
0.102000
0.116000
0.120000
0.144000
0.108000
0.120000
0.108000
0.138000
0.154000
0.122000
0.134000
0.110000
0.152000
0.110000
0.104000
0.154000
0.100000
0.144000
0.130000
0.106000
0.132000
0.154000
0.158000
0.148000
0.116000
0.104000
0.114000
0.116000
0.148000
0.164000
0.112000
0.120000
0.138000
0.112000
0.162000
0.110000
0.118000
0.116000
0.180000
0.150000
0.104000
0.102000
0.148000
0.116000
0.132000
0.112000
0.160000
0.138000
0.118000
0.114000
0.126000
0.106000
0.140000
0.158000
0.166000
0.162000
0.150000
0.142000
0.108000
0.122000
0.190000
0.168000
0.130000
0.142000
0.132000
0.108000
0.102000
0.144000
0.140000
0.136000
0.138000
0.164000
0.108000
0.134000
0.112000
0.102000
0.104000
0.106000
0.142000
0.202000
0.182000
0.182000
0.122000
0.140000
0.182000
0.174000
0.142000
0.100000
0.226000
0.116000
0.146000
0.130000
0.154000
0.216000
0.148000
0.138000
0.118000
0.108000
0.164000
0.156000
0.140000
0.136000
0.144000
0.110000
0.140000
0.160000
0.160000
0.104000
0.160000
0.100000
0.118000
0.118000
0.136000
0.118000
0.172000
0.138000
0.140000
0.150000
0.158000
0.160000
0.158000
0.102000
0.108000
0.108000
0.116000
0.154000
0.142000
0.122000
0.178000
0.166000
0.124000
0.100000
0.150000
0.130000
0.160000
0.170000
0.136000
0.208000
0.154000
0.146000
0.144000
0.148000
0.128000
0.102000
0.138000
0.150000
0.128000
0.144000
0.156000
0.172000
0.144000
0.114000
0.100000
0.148000
0.154000
0.128000
0.122000
0.176000
0.142000
0.142000
0.146000
0.144000
0.118000
0.112000
0.112000
0.180000
0.130000
0.154000
0.150000
0.110000
0.140000
0.182000
0.132000
0.140000
0.118000
0.180000
0.136000
0.118000
0.150000
0.136000
0.122000
0.112000
0.128000
0.100000
0.128000
0.140000
0.182000
0.108000
0.142000
0.136000
0.194000
0.142000
0.132000
0.100000
0.160000
0.102000
0.106000
0.112000
0.116000
0.204000
0.128000
0.142000
0.100000
0.120000
0.100000
0.156000
0.108000
0.112000
0.156000
0.100000
0.152000
0.158000
0.132000
0.170000
0.126000
0.188000
0.132000
0.120000
0.122000
0.152000
0.118000
0.150000
0.116000
0.158000
0.122000
0.162000
0.156000
0.142000
0.166000
0.152000
0.128000
0.134000
0.140000
0.174000
0.138000
0.132000
0.144000
0.116000
0.136000
0.132000
0.136000
0.148000
0.122000
0.138000
0.116000
0.116000
0.142000
0.164000
0.120000
0.108000
0.138000
0.150000
0.106000
0.136000
0.106000
0.102000
0.124000
0.146000
0.170000
0.144000
0.102000
0.132000
0.132000
0.136000
0.124000
0.152000
0.114000
0.136000
0.116000
0.100000
0.152000
0.116000
0.158000
0.102000
0.110000
0.128000
0.162000
0.102000
0.136000
0.104000
0.112000
0.132000
0.116000
0.108000
0.122000
0.130000
0.136000
0.126000
0.146000
0.124000
0.134000
0.108000
0.118000
0.148000
0.126000
0.100000
0.104000
0.190000
0.134000
0.112000
0.138000
0.140000
0.118000
0.120000
0.104000
0.188000
0.100000
0.154000
0.176000
0.102000
0.100000
0.112000
0.114000
0.124000
0.156000
0.180000
0.122000
0.112000
0.134000
0.138000
0.174000
0.164000
0.104000
0.118000
0.100000
0.104000
0.142000
0.104000
0.132000
0.130000
0.122000
0.130000
0.112000
0.122000
0.098000
0.126000
0.188000
0.116000
0.116000
0.134000
0.166000
0.186000
0.138000
0.140000
0.104000
