0
0
0
0
0
0
0
0
0
0
0
0
0
0
0
0
0
0
0
0
0
0
0
0
0
0
0
0
0
0
0
0
0
0
0
0
0
0
0
0
0
0
0
0
0
0
0
0
0
10
7
8
10
10
7
11
10
14
16
18
21
24
25
20
23
12
22
13
12
18
24
15
22
12
17
13
19
10
21
17
21
22
17
19
14
18
21
19
16
26
19
21
15
25
23
18
13
17
10
22
14
10
13
17
17
8
16
10
13
14
11
14
7
14
14
12
17
11
9
10
19
15
13
15
10
14
6
8
11
8
11
9
19
9
12
11
5
7
6
15
11
6
9
8
12
11
17
15
27
7
4
2
6
6
0
3
6
4
7
1
1
1
8
4
4
4
3
4
4
4
2
2
2
4
6
5
3
4
1
5
3
1
1
3
2
5
4
5
5
5
3
3
2
3
1
1
3
3
3
4
5
6
2
2
4
1
3
1
4
0
1
2
2
2
2
1
1
2
3
2
4
2
1
2
3
3
3
2
5
5
1
1
4
0
5
0
4
1
1
1
0
4
0
0
1
3
2
2
1
0
3
2
1
2
0
4
1
2
4
2
0
2
5
0
0
3
2
0
0
0
4
0
2
3
3
1
7
4
0
1
1
4
3
1
2
2
2
2
1
0
1
0
0
4
1
1
4
3
1
1
3
1
3
4
1
3
2
4
1
0
2
1
2
5
1
2
1
4
3
2
2
0
3
3
1
1
0
4
2
1
1
1
3
1
6
2
4
1
2
4
2
2
3
5
7
5
6
3
13
6
38
0
0
0
0
0
0
0
0
0
0
0
0
0
0
0
0
0
0
0
0
0
0
0
0
0
0
0
0
0
0
0
0
0
0
0
0
0
0
0
0
0
0
0
0
0
0
0
0
0
0
0
0
0
0
0
0
0
0
0
0
0
0
0
0
0
0
0
0
0
0
0
0
0
0
0
0
0
0
0
0
0
0
0
0
0
0
0
0
0
0
0
0
0
0
0
0
0
0
0
0
0
0
0
0
0
0
0
0
0
0
0
0
0
0
0
0
0
0
0
0
0
0
0
0
0
0
0
0
0
0
0
0
0
0
0
0
0
0
0
0
0
0
0
0
0
0
0
0
0
0
0
0
0
0
0
0
0
0
0
0
0
0
0
0
0
0
0
0
0
0
0
0
0
0
0
0
0
0
0
0
0
0
0
0
0
0
0
0
0
0
0
0
0
0
0
0
0
0
0
0
0
0
0
0
0
0
0
0
0
0
0
0
0
0
0
0
0
0
0
0
0
0
0
0
0
0
0
0
0
0
0
0
0
0
0
0
0
0
0
0
0
0
0
0
0
0
0
0
